{"D:\\Node JS Project\\vidly\\index.js": {"path":"D:\\Node JS Project\\vidly\\index.js","statementMap":{"0":{"start":{"line":1,"column":16},"end":{"line":1,"column":34}},"1":{"start":{"line":2,"column":16},"end":{"line":2,"column":34}},"2":{"start":{"line":3,"column":12},"end":{"line":3,"column":21}},"3":{"start":{"line":5,"column":0},"end":{"line":5,"column":33}},"4":{"start":{"line":6,"column":0},"end":{"line":6,"column":26}},"5":{"start":{"line":7,"column":0},"end":{"line":7,"column":31}},"6":{"start":{"line":8,"column":0},"end":{"line":8,"column":30}},"7":{"start":{"line":9,"column":0},"end":{"line":9,"column":34}},"8":{"start":{"line":11,"column":13},"end":{"line":11,"column":37}},"9":{"start":{"line":12,"column":15},"end":{"line":12,"column":83}},"10":{"start":{"line":12,"column":38},"end":{"line":12,"column":82}},"11":{"start":{"line":14,"column":0},"end":{"line":14,"column":24}}},"fnMap":{"0":{"name":"(anonymous_0)","decl":{"start":{"line":12,"column":32},"end":{"line":12,"column":33}},"loc":{"start":{"line":12,"column":38},"end":{"line":12,"column":82}},"line":12}},"branchMap":{"0":{"loc":{"start":{"line":11,"column":13},"end":{"line":11,"column":37}},"type":"binary-expr","locations":[{"start":{"line":11,"column":13},"end":{"line":11,"column":29}},{"start":{"line":11,"column":33},"end":{"line":11,"column":37}}],"line":11}},"s":{"0":2,"1":2,"2":2,"3":2,"4":2,"5":2,"6":2,"7":2,"8":2,"9":2,"10":2,"11":2},"f":{"0":2},"b":{"0":[2,0]},"_coverageSchema":"1a1c01bbd47fc00a2c39e90264f33305004495a9","hash":"e752748116b3c195f9c8668f3688b690615aef59"}
,"D:\\Node JS Project\\vidly\\middleware\\admin.js": {"path":"D:\\Node JS Project\\vidly\\middleware\\admin.js","statementMap":{"0":{"start":{"line":1,"column":0},"end":{"line":4,"column":1}},"1":{"start":{"line":2,"column":4},"end":{"line":2,"column":73}},"2":{"start":{"line":2,"column":27},"end":{"line":2,"column":73}},"3":{"start":{"line":3,"column":4},"end":{"line":3,"column":11}}},"fnMap":{"0":{"name":"(anonymous_0)","decl":{"start":{"line":1,"column":17},"end":{"line":1,"column":18}},"loc":{"start":{"line":1,"column":42},"end":{"line":4,"column":1}},"line":1}},"branchMap":{"0":{"loc":{"start":{"line":2,"column":4},"end":{"line":2,"column":73}},"type":"if","locations":[{"start":{"line":2,"column":4},"end":{"line":2,"column":73}},{"start":{},"end":{}}],"line":2}},"s":{"0":2,"1":0,"2":0,"3":0},"f":{"0":0},"b":{"0":[0,0]},"_coverageSchema":"1a1c01bbd47fc00a2c39e90264f33305004495a9","hash":"e771e87b621e52f98a16791701dda16b8e6072ff"}
,"D:\\Node JS Project\\vidly\\middleware\\auth.js": {"path":"D:\\Node JS Project\\vidly\\middleware\\auth.js","statementMap":{"0":{"start":{"line":1,"column":12},"end":{"line":1,"column":35}},"1":{"start":{"line":2,"column":15},"end":{"line":2,"column":32}},"2":{"start":{"line":5,"column":18},"end":{"line":5,"column":44}},"3":{"start":{"line":6,"column":4},"end":{"line":6,"column":81}},"4":{"start":{"line":6,"column":16},"end":{"line":6,"column":81}},"5":{"start":{"line":8,"column":4},"end":{"line":16,"column":5}},"6":{"start":{"line":9,"column":24},"end":{"line":9,"column":70}},"7":{"start":{"line":10,"column":8},"end":{"line":10,"column":27}},"8":{"start":{"line":12,"column":8},"end":{"line":12,"column":15}},"9":{"start":{"line":15,"column":8},"end":{"line":15,"column":47}},"10":{"start":{"line":19,"column":0},"end":{"line":19,"column":22}}},"fnMap":{"0":{"name":"auth","decl":{"start":{"line":4,"column":9},"end":{"line":4,"column":13}},"loc":{"start":{"line":4,"column":29},"end":{"line":17,"column":1}},"line":4}},"branchMap":{"0":{"loc":{"start":{"line":6,"column":4},"end":{"line":6,"column":81}},"type":"if","locations":[{"start":{"line":6,"column":4},"end":{"line":6,"column":81}},{"start":{},"end":{}}],"line":6}},"s":{"0":3,"1":3,"2":9,"3":9,"4":2,"5":7,"6":7,"7":6,"8":6,"9":1,"10":3},"f":{"0":9},"b":{"0":[2,7]},"_coverageSchema":"1a1c01bbd47fc00a2c39e90264f33305004495a9","hash":"0be98085c61af7b214bd926d9376193a0bada5a5"}
,"D:\\Node JS Project\\vidly\\middleware\\error.js": {"path":"D:\\Node JS Project\\vidly\\middleware\\error.js","statementMap":{"0":{"start":{"line":1,"column":16},"end":{"line":1,"column":34}},"1":{"start":{"line":2,"column":0},"end":{"line":6,"column":1}},"2":{"start":{"line":4,"column":4},"end":{"line":4,"column":36}},"3":{"start":{"line":5,"column":4},"end":{"line":5,"column":46}}},"fnMap":{"0":{"name":"(anonymous_0)","decl":{"start":{"line":2,"column":17},"end":{"line":2,"column":18}},"loc":{"start":{"line":2,"column":48},"end":{"line":6,"column":1}},"line":2}},"branchMap":{},"s":{"0":2,"1":2,"2":0,"3":0},"f":{"0":0},"b":{},"_coverageSchema":"1a1c01bbd47fc00a2c39e90264f33305004495a9","hash":"7ef8c5d7825386bd6091020ed081f8872f1a807b"}
,"D:\\Node JS Project\\vidly\\middleware\\validateObjectId.js": {"path":"D:\\Node JS Project\\vidly\\middleware\\validateObjectId.js","statementMap":{"0":{"start":{"line":1,"column":17},"end":{"line":1,"column":36}},"1":{"start":{"line":3,"column":0},"end":{"line":8,"column":1}},"2":{"start":{"line":4,"column":4},"end":{"line":5,"column":51}},"3":{"start":{"line":5,"column":8},"end":{"line":5,"column":51}},"4":{"start":{"line":7,"column":4},"end":{"line":7,"column":11}}},"fnMap":{"0":{"name":"(anonymous_0)","decl":{"start":{"line":3,"column":17},"end":{"line":3,"column":18}},"loc":{"start":{"line":3,"column":43},"end":{"line":8,"column":1}},"line":3}},"branchMap":{"0":{"loc":{"start":{"line":4,"column":4},"end":{"line":5,"column":51}},"type":"if","locations":[{"start":{"line":4,"column":4},"end":{"line":5,"column":51}},{"start":{},"end":{}}],"line":4}},"s":{"0":2,"1":2,"2":3,"3":1,"4":2},"f":{"0":3},"b":{"0":[1,2]},"_coverageSchema":"1a1c01bbd47fc00a2c39e90264f33305004495a9","hash":"38015bb27b5f580c2f7bc591a68ac074bed37630"}
,"D:\\Node JS Project\\vidly\\models\\customer.js": {"path":"D:\\Node JS Project\\vidly\\models\\customer.js","statementMap":{"0":{"start":{"line":1,"column":17},"end":{"line":1,"column":36}},"1":{"start":{"line":2,"column":12},"end":{"line":2,"column":26}},"2":{"start":{"line":4,"column":17},"end":{"line":21,"column":3}},"3":{"start":{"line":24,"column":19},"end":{"line":27,"column":56}},"4":{"start":{"line":28,"column":4},"end":{"line":28,"column":37}},"5":{"start":{"line":31,"column":0},"end":{"line":31,"column":35}},"6":{"start":{"line":32,"column":0},"end":{"line":32,"column":43}}},"fnMap":{"0":{"name":"validateCustomer","decl":{"start":{"line":23,"column":9},"end":{"line":23,"column":25}},"loc":{"start":{"line":23,"column":36},"end":{"line":29,"column":1}},"line":23}},"branchMap":{},"s":{"0":2,"1":2,"2":2,"3":0,"4":0,"5":2,"6":2},"f":{"0":0},"b":{},"_coverageSchema":"1a1c01bbd47fc00a2c39e90264f33305004495a9","hash":"89ca3e8e1b890fd8b9b3871bab2bc0c7ed578580"}
,"D:\\Node JS Project\\vidly\\models\\genre.js": {"path":"D:\\Node JS Project\\vidly\\models\\genre.js","statementMap":{"0":{"start":{"line":1,"column":17},"end":{"line":1,"column":36}},"1":{"start":{"line":2,"column":12},"end":{"line":2,"column":26}},"2":{"start":{"line":4,"column":21},"end":{"line":11,"column":2}},"3":{"start":{"line":12,"column":14},"end":{"line":12,"column":50}},"4":{"start":{"line":15,"column":19},"end":{"line":15,"column":77}},"5":{"start":{"line":16,"column":4},"end":{"line":16,"column":34}},"6":{"start":{"line":19,"column":0},"end":{"line":19,"column":22}},"7":{"start":{"line":20,"column":0},"end":{"line":20,"column":34}},"8":{"start":{"line":21,"column":0},"end":{"line":21,"column":33}}},"fnMap":{"0":{"name":"validateGenre","decl":{"start":{"line":14,"column":9},"end":{"line":14,"column":22}},"loc":{"start":{"line":14,"column":30},"end":{"line":17,"column":1}},"line":14}},"branchMap":{},"s":{"0":2,"1":2,"2":2,"3":2,"4":5,"5":5,"6":2,"7":2,"8":2},"f":{"0":5},"b":{},"_coverageSchema":"1a1c01bbd47fc00a2c39e90264f33305004495a9","hash":"bf2fbd2694c3b0b3f65c0ffafa92341aeba39254"}
,"D:\\Node JS Project\\vidly\\models\\movie.js": {"path":"D:\\Node JS Project\\vidly\\models\\movie.js","statementMap":{"0":{"start":{"line":1,"column":17},"end":{"line":1,"column":36}},"1":{"start":{"line":2,"column":12},"end":{"line":2,"column":26}},"2":{"start":{"line":3,"column":22},"end":{"line":3,"column":40}},"3":{"start":{"line":5,"column":14},"end":{"line":28,"column":3}},"4":{"start":{"line":31,"column":19},"end":{"line":36,"column":10}},"5":{"start":{"line":37,"column":4},"end":{"line":37,"column":34}},"6":{"start":{"line":40,"column":0},"end":{"line":40,"column":22}},"7":{"start":{"line":41,"column":0},"end":{"line":41,"column":33}}},"fnMap":{"0":{"name":"validateMovie","decl":{"start":{"line":30,"column":9},"end":{"line":30,"column":22}},"loc":{"start":{"line":30,"column":30},"end":{"line":38,"column":1}},"line":30}},"branchMap":{},"s":{"0":2,"1":2,"2":2,"3":2,"4":0,"5":0,"6":2,"7":2},"f":{"0":0},"b":{},"_coverageSchema":"1a1c01bbd47fc00a2c39e90264f33305004495a9","hash":"b68cc7f280cc769924f36fcdf880669719e9ece8"}
,"D:\\Node JS Project\\vidly\\models\\rental.js": {"path":"D:\\Node JS Project\\vidly\\models\\rental.js","statementMap":{"0":{"start":{"line":1,"column":17},"end":{"line":1,"column":36}},"1":{"start":{"line":2,"column":12},"end":{"line":2,"column":26}},"2":{"start":{"line":3,"column":0},"end":{"line":3,"column":44}},"3":{"start":{"line":5,"column":15},"end":{"line":57,"column":3}},"4":{"start":{"line":60,"column":19},"end":{"line":63,"column":6}},"5":{"start":{"line":64,"column":4},"end":{"line":64,"column":35}},"6":{"start":{"line":67,"column":0},"end":{"line":67,"column":31}},"7":{"start":{"line":68,"column":0},"end":{"line":68,"column":41}}},"fnMap":{"0":{"name":"validateRental","decl":{"start":{"line":59,"column":9},"end":{"line":59,"column":23}},"loc":{"start":{"line":59,"column":32},"end":{"line":65,"column":1}},"line":59}},"branchMap":{},"s":{"0":2,"1":2,"2":2,"3":2,"4":0,"5":0,"6":2,"7":2},"f":{"0":0},"b":{},"_coverageSchema":"1a1c01bbd47fc00a2c39e90264f33305004495a9","hash":"778546a1678fcb6caef4a557cef48ee0af978ae8"}
,"D:\\Node JS Project\\vidly\\models\\user.js": {"path":"D:\\Node JS Project\\vidly\\models\\user.js","statementMap":{"0":{"start":{"line":1,"column":12},"end":{"line":1,"column":26}},"1":{"start":{"line":2,"column":17},"end":{"line":2,"column":36}},"2":{"start":{"line":3,"column":12},"end":{"line":3,"column":35}},"3":{"start":{"line":4,"column":15},"end":{"line":4,"column":32}},"4":{"start":{"line":5,"column":18},"end":{"line":5,"column":32}},"5":{"start":{"line":7,"column":19},"end":{"line":29,"column":2}},"6":{"start":{"line":31,"column":0},"end":{"line":34,"column":1}},"7":{"start":{"line":32,"column":18},"end":{"line":32,"column":95}},"8":{"start":{"line":33,"column":4},"end":{"line":33,"column":17}},"9":{"start":{"line":36,"column":13},"end":{"line":36,"column":47}},"10":{"start":{"line":39,"column":19},"end":{"line":43,"column":6}},"11":{"start":{"line":44,"column":4},"end":{"line":44,"column":33}},"12":{"start":{"line":47,"column":0},"end":{"line":47,"column":20}},"13":{"start":{"line":48,"column":0},"end":{"line":48,"column":32}}},"fnMap":{"0":{"name":"(anonymous_0)","decl":{"start":{"line":31,"column":39},"end":{"line":31,"column":40}},"loc":{"start":{"line":31,"column":51},"end":{"line":34,"column":1}},"line":31},"1":{"name":"validateUser","decl":{"start":{"line":38,"column":9},"end":{"line":38,"column":21}},"loc":{"start":{"line":38,"column":28},"end":{"line":45,"column":1}},"line":38}},"branchMap":{},"s":{"0":4,"1":4,"2":4,"3":4,"4":4,"5":4,"6":4,"7":10,"8":10,"9":4,"10":0,"11":0,"12":4,"13":4},"f":{"0":10,"1":0},"b":{},"_coverageSchema":"1a1c01bbd47fc00a2c39e90264f33305004495a9","hash":"bfe48e45a8632ed3c81cc4916d6d12f0ce212541"}
,"D:\\Node JS Project\\vidly\\routes\\auth.js": {"path":"D:\\Node JS Project\\vidly\\routes\\auth.js","statementMap":{"0":{"start":{"line":1,"column":16},"end":{"line":1,"column":34}},"1":{"start":{"line":2,"column":12},"end":{"line":2,"column":35}},"2":{"start":{"line":3,"column":15},"end":{"line":3,"column":32}},"3":{"start":{"line":4,"column":15},"end":{"line":4,"column":40}},"4":{"start":{"line":5,"column":15},"end":{"line":5,"column":32}},"5":{"start":{"line":6,"column":12},"end":{"line":6,"column":26}},"6":{"start":{"line":7,"column":15},"end":{"line":7,"column":31}},"7":{"start":{"line":9,"column":0},"end":{"line":22,"column":3}},"8":{"start":{"line":10,"column":20},"end":{"line":10,"column":38}},"9":{"start":{"line":11,"column":4},"end":{"line":11,"column":69}},"10":{"start":{"line":11,"column":15},"end":{"line":11,"column":69}},"11":{"start":{"line":13,"column":15},"end":{"line":13,"column":58}},"12":{"start":{"line":14,"column":4},"end":{"line":14,"column":73}},"13":{"start":{"line":14,"column":15},"end":{"line":14,"column":73}},"14":{"start":{"line":16,"column":26},"end":{"line":16,"column":80}},"15":{"start":{"line":17,"column":4},"end":{"line":17,"column":82}},"16":{"start":{"line":17,"column":24},"end":{"line":17,"column":82}},"17":{"start":{"line":19,"column":18},"end":{"line":19,"column":42}},"18":{"start":{"line":21,"column":4},"end":{"line":21,"column":20}},"19":{"start":{"line":25,"column":19},"end":{"line":28,"column":6}},"20":{"start":{"line":29,"column":4},"end":{"line":29,"column":32}},"21":{"start":{"line":32,"column":0},"end":{"line":32,"column":24}}},"fnMap":{"0":{"name":"(anonymous_0)","decl":{"start":{"line":9,"column":17},"end":{"line":9,"column":18}},"loc":{"start":{"line":9,"column":37},"end":{"line":22,"column":1}},"line":9},"1":{"name":"validate","decl":{"start":{"line":24,"column":9},"end":{"line":24,"column":17}},"loc":{"start":{"line":24,"column":23},"end":{"line":30,"column":1}},"line":24}},"branchMap":{"0":{"loc":{"start":{"line":11,"column":4},"end":{"line":11,"column":69}},"type":"if","locations":[{"start":{"line":11,"column":4},"end":{"line":11,"column":69}},{"start":{},"end":{}}],"line":11},"1":{"loc":{"start":{"line":14,"column":4},"end":{"line":14,"column":73}},"type":"if","locations":[{"start":{"line":14,"column":4},"end":{"line":14,"column":73}},{"start":{},"end":{}}],"line":14},"2":{"loc":{"start":{"line":17,"column":4},"end":{"line":17,"column":82}},"type":"if","locations":[{"start":{"line":17,"column":4},"end":{"line":17,"column":82}},{"start":{},"end":{}}],"line":17}},"s":{"0":2,"1":2,"2":2,"3":2,"4":2,"5":2,"6":2,"7":2,"8":0,"9":0,"10":0,"11":0,"12":0,"13":0,"14":0,"15":0,"16":0,"17":0,"18":0,"19":0,"20":0,"21":2},"f":{"0":0,"1":0},"b":{"0":[0,0],"1":[0,0],"2":[0,0]},"_coverageSchema":"1a1c01bbd47fc00a2c39e90264f33305004495a9","hash":"77dc86651268ea7824c0760eb06375adc2a06194"}
,"D:\\Node JS Project\\vidly\\routes\\customers.js": {"path":"D:\\Node JS Project\\vidly\\routes\\customers.js","statementMap":{"0":{"start":{"line":1,"column":16},"end":{"line":1,"column":34}},"1":{"start":{"line":2,"column":15},"end":{"line":2,"column":31}},"2":{"start":{"line":3,"column":29},"end":{"line":3,"column":58}},"3":{"start":{"line":5,"column":0},"end":{"line":8,"column":3}},"4":{"start":{"line":6,"column":21},"end":{"line":6,"column":55}},"5":{"start":{"line":7,"column":4},"end":{"line":7,"column":23}},"6":{"start":{"line":10,"column":0},"end":{"line":21,"column":3}},"7":{"start":{"line":11,"column":20},"end":{"line":11,"column":38}},"8":{"start":{"line":12,"column":4},"end":{"line":12,"column":69}},"9":{"start":{"line":12,"column":15},"end":{"line":12,"column":69}},"10":{"start":{"line":14,"column":19},"end":{"line":18,"column":6}},"11":{"start":{"line":19,"column":4},"end":{"line":19,"column":37}},"12":{"start":{"line":20,"column":4},"end":{"line":20,"column":23}},"13":{"start":{"line":24,"column":0},"end":{"line":24,"column":24}}},"fnMap":{"0":{"name":"(anonymous_0)","decl":{"start":{"line":5,"column":16},"end":{"line":5,"column":17}},"loc":{"start":{"line":5,"column":36},"end":{"line":8,"column":1}},"line":5},"1":{"name":"(anonymous_1)","decl":{"start":{"line":10,"column":17},"end":{"line":10,"column":18}},"loc":{"start":{"line":10,"column":37},"end":{"line":21,"column":1}},"line":10}},"branchMap":{"0":{"loc":{"start":{"line":12,"column":4},"end":{"line":12,"column":69}},"type":"if","locations":[{"start":{"line":12,"column":4},"end":{"line":12,"column":69}},{"start":{},"end":{}}],"line":12}},"s":{"0":2,"1":2,"2":2,"3":2,"4":0,"5":0,"6":2,"7":0,"8":0,"9":0,"10":0,"11":0,"12":0,"13":2},"f":{"0":0,"1":0},"b":{"0":[0,0]},"_coverageSchema":"1a1c01bbd47fc00a2c39e90264f33305004495a9","hash":"74dd8f6bb90f03c98a3332bb83b41f1711dbfb55"}
,"D:\\Node JS Project\\vidly\\routes\\genres.js": {"path":"D:\\Node JS Project\\vidly\\routes\\genres.js","statementMap":{"0":{"start":{"line":1,"column":16},"end":{"line":1,"column":34}},"1":{"start":{"line":2,"column":25},"end":{"line":2,"column":66}},"2":{"start":{"line":3,"column":13},"end":{"line":3,"column":42}},"3":{"start":{"line":4,"column":14},"end":{"line":4,"column":44}},"4":{"start":{"line":5,"column":26},"end":{"line":5,"column":52}},"5":{"start":{"line":6,"column":15},"end":{"line":6,"column":31}},"6":{"start":{"line":8,"column":0},"end":{"line":12,"column":3}},"7":{"start":{"line":10,"column":19},"end":{"line":10,"column":50}},"8":{"start":{"line":11,"column":4},"end":{"line":11,"column":21}},"9":{"start":{"line":14,"column":0},"end":{"line":21,"column":3}},"10":{"start":{"line":15,"column":20},"end":{"line":15,"column":38}},"11":{"start":{"line":16,"column":4},"end":{"line":16,"column":69}},"12":{"start":{"line":16,"column":15},"end":{"line":16,"column":69}},"13":{"start":{"line":18,"column":16},"end":{"line":18,"column":48}},"14":{"start":{"line":19,"column":4},"end":{"line":19,"column":31}},"15":{"start":{"line":20,"column":4},"end":{"line":20,"column":20}},"16":{"start":{"line":23,"column":0},"end":{"line":31,"column":3}},"17":{"start":{"line":24,"column":20},"end":{"line":24,"column":38}},"18":{"start":{"line":25,"column":4},"end":{"line":25,"column":69}},"19":{"start":{"line":25,"column":15},"end":{"line":25,"column":69}},"20":{"start":{"line":27,"column":18},"end":{"line":27,"column":98}},"21":{"start":{"line":28,"column":4},"end":{"line":28,"column":57}},"22":{"start":{"line":28,"column":16},"end":{"line":28,"column":57}},"23":{"start":{"line":30,"column":4},"end":{"line":30,"column":20}},"24":{"start":{"line":33,"column":0},"end":{"line":39,"column":3}},"25":{"start":{"line":34,"column":18},"end":{"line":34,"column":62}},"26":{"start":{"line":36,"column":4},"end":{"line":36,"column":57}},"27":{"start":{"line":36,"column":16},"end":{"line":36,"column":57}},"28":{"start":{"line":38,"column":4},"end":{"line":38,"column":20}},"29":{"start":{"line":41,"column":0},"end":{"line":46,"column":3}},"30":{"start":{"line":42,"column":18},"end":{"line":42,"column":53}},"31":{"start":{"line":43,"column":4},"end":{"line":43,"column":57}},"32":{"start":{"line":43,"column":16},"end":{"line":43,"column":57}},"33":{"start":{"line":45,"column":4},"end":{"line":45,"column":20}},"34":{"start":{"line":49,"column":0},"end":{"line":49,"column":24}}},"fnMap":{"0":{"name":"(anonymous_0)","decl":{"start":{"line":8,"column":15},"end":{"line":8,"column":16}},"loc":{"start":{"line":8,"column":35},"end":{"line":12,"column":1}},"line":8},"1":{"name":"(anonymous_1)","decl":{"start":{"line":14,"column":23},"end":{"line":14,"column":24}},"loc":{"start":{"line":14,"column":43},"end":{"line":21,"column":1}},"line":14},"2":{"name":"(anonymous_2)","decl":{"start":{"line":23,"column":19},"end":{"line":23,"column":20}},"loc":{"start":{"line":23,"column":39},"end":{"line":31,"column":1}},"line":23},"3":{"name":"(anonymous_3)","decl":{"start":{"line":33,"column":36},"end":{"line":33,"column":37}},"loc":{"start":{"line":33,"column":56},"end":{"line":39,"column":1}},"line":33},"4":{"name":"(anonymous_4)","decl":{"start":{"line":41,"column":37},"end":{"line":41,"column":38}},"loc":{"start":{"line":41,"column":57},"end":{"line":46,"column":1}},"line":41}},"branchMap":{"0":{"loc":{"start":{"line":16,"column":4},"end":{"line":16,"column":69}},"type":"if","locations":[{"start":{"line":16,"column":4},"end":{"line":16,"column":69}},{"start":{},"end":{}}],"line":16},"1":{"loc":{"start":{"line":25,"column":4},"end":{"line":25,"column":69}},"type":"if","locations":[{"start":{"line":25,"column":4},"end":{"line":25,"column":69}},{"start":{},"end":{}}],"line":25},"2":{"loc":{"start":{"line":28,"column":4},"end":{"line":28,"column":57}},"type":"if","locations":[{"start":{"line":28,"column":4},"end":{"line":28,"column":57}},{"start":{},"end":{}}],"line":28},"3":{"loc":{"start":{"line":36,"column":4},"end":{"line":36,"column":57}},"type":"if","locations":[{"start":{"line":36,"column":4},"end":{"line":36,"column":57}},{"start":{},"end":{}}],"line":36},"4":{"loc":{"start":{"line":43,"column":4},"end":{"line":43,"column":57}},"type":"if","locations":[{"start":{"line":43,"column":4},"end":{"line":43,"column":57}},{"start":{},"end":{}}],"line":43}},"s":{"0":2,"1":2,"2":2,"3":2,"4":2,"5":2,"6":2,"7":1,"8":1,"9":2,"10":5,"11":5,"12":2,"13":3,"14":3,"15":3,"16":2,"17":0,"18":0,"19":0,"20":0,"21":0,"22":0,"23":0,"24":2,"25":0,"26":0,"27":0,"28":0,"29":2,"30":2,"31":2,"32":1,"33":1,"34":2},"f":{"0":1,"1":5,"2":0,"3":0,"4":2},"b":{"0":[2,3],"1":[0,0],"2":[0,0],"3":[0,0],"4":[1,1]},"_coverageSchema":"1a1c01bbd47fc00a2c39e90264f33305004495a9","hash":"0a01590ed4fb0ad73701879b823d017b52d93caa"}
,"D:\\Node JS Project\\vidly\\routes\\movies.js": {"path":"D:\\Node JS Project\\vidly\\routes\\movies.js","statementMap":{"0":{"start":{"line":1,"column":16},"end":{"line":1,"column":34}},"1":{"start":{"line":2,"column":26},"end":{"line":2,"column":52}},"2":{"start":{"line":3,"column":16},"end":{"line":3,"column":42}},"3":{"start":{"line":4,"column":15},"end":{"line":4,"column":31}},"4":{"start":{"line":6,"column":0},"end":{"line":9,"column":3}},"5":{"start":{"line":7,"column":18},"end":{"line":7,"column":50}},"6":{"start":{"line":8,"column":4},"end":{"line":8,"column":20}},"7":{"start":{"line":11,"column":0},"end":{"line":29,"column":3}},"8":{"start":{"line":12,"column":20},"end":{"line":12,"column":38}},"9":{"start":{"line":13,"column":4},"end":{"line":13,"column":69}},"10":{"start":{"line":13,"column":15},"end":{"line":13,"column":69}},"11":{"start":{"line":15,"column":18},"end":{"line":15,"column":56}},"12":{"start":{"line":16,"column":4},"end":{"line":16,"column":62}},"13":{"start":{"line":16,"column":16},"end":{"line":16,"column":62}},"14":{"start":{"line":18,"column":18},"end":{"line":26,"column":6}},"15":{"start":{"line":27,"column":4},"end":{"line":27,"column":23}},"16":{"start":{"line":28,"column":4},"end":{"line":28,"column":20}},"17":{"start":{"line":31,"column":0},"end":{"line":39,"column":3}},"18":{"start":{"line":32,"column":20},"end":{"line":32,"column":38}},"19":{"start":{"line":33,"column":4},"end":{"line":33,"column":69}},"20":{"start":{"line":33,"column":15},"end":{"line":33,"column":69}},"21":{"start":{"line":35,"column":18},"end":{"line":35,"column":98}},"22":{"start":{"line":36,"column":4},"end":{"line":36,"column":57}},"23":{"start":{"line":36,"column":16},"end":{"line":36,"column":57}},"24":{"start":{"line":38,"column":4},"end":{"line":38,"column":20}},"25":{"start":{"line":41,"column":0},"end":{"line":47,"column":3}},"26":{"start":{"line":42,"column":18},"end":{"line":42,"column":62}},"27":{"start":{"line":44,"column":4},"end":{"line":44,"column":57}},"28":{"start":{"line":44,"column":16},"end":{"line":44,"column":57}},"29":{"start":{"line":46,"column":4},"end":{"line":46,"column":20}},"30":{"start":{"line":49,"column":0},"end":{"line":54,"column":3}},"31":{"start":{"line":50,"column":18},"end":{"line":50,"column":53}},"32":{"start":{"line":51,"column":4},"end":{"line":51,"column":57}},"33":{"start":{"line":51,"column":16},"end":{"line":51,"column":57}},"34":{"start":{"line":53,"column":4},"end":{"line":53,"column":20}},"35":{"start":{"line":57,"column":0},"end":{"line":57,"column":24}}},"fnMap":{"0":{"name":"(anonymous_0)","decl":{"start":{"line":6,"column":16},"end":{"line":6,"column":17}},"loc":{"start":{"line":6,"column":36},"end":{"line":9,"column":1}},"line":6},"1":{"name":"(anonymous_1)","decl":{"start":{"line":11,"column":17},"end":{"line":11,"column":18}},"loc":{"start":{"line":11,"column":37},"end":{"line":29,"column":1}},"line":11},"2":{"name":"(anonymous_2)","decl":{"start":{"line":31,"column":19},"end":{"line":31,"column":20}},"loc":{"start":{"line":31,"column":39},"end":{"line":39,"column":1}},"line":31},"3":{"name":"(anonymous_3)","decl":{"start":{"line":41,"column":22},"end":{"line":41,"column":23}},"loc":{"start":{"line":41,"column":42},"end":{"line":47,"column":1}},"line":41},"4":{"name":"(anonymous_4)","decl":{"start":{"line":49,"column":19},"end":{"line":49,"column":20}},"loc":{"start":{"line":49,"column":39},"end":{"line":54,"column":1}},"line":49}},"branchMap":{"0":{"loc":{"start":{"line":13,"column":4},"end":{"line":13,"column":69}},"type":"if","locations":[{"start":{"line":13,"column":4},"end":{"line":13,"column":69}},{"start":{},"end":{}}],"line":13},"1":{"loc":{"start":{"line":16,"column":4},"end":{"line":16,"column":62}},"type":"if","locations":[{"start":{"line":16,"column":4},"end":{"line":16,"column":62}},{"start":{},"end":{}}],"line":16},"2":{"loc":{"start":{"line":33,"column":4},"end":{"line":33,"column":69}},"type":"if","locations":[{"start":{"line":33,"column":4},"end":{"line":33,"column":69}},{"start":{},"end":{}}],"line":33},"3":{"loc":{"start":{"line":36,"column":4},"end":{"line":36,"column":57}},"type":"if","locations":[{"start":{"line":36,"column":4},"end":{"line":36,"column":57}},{"start":{},"end":{}}],"line":36},"4":{"loc":{"start":{"line":44,"column":4},"end":{"line":44,"column":57}},"type":"if","locations":[{"start":{"line":44,"column":4},"end":{"line":44,"column":57}},{"start":{},"end":{}}],"line":44},"5":{"loc":{"start":{"line":51,"column":4},"end":{"line":51,"column":57}},"type":"if","locations":[{"start":{"line":51,"column":4},"end":{"line":51,"column":57}},{"start":{},"end":{}}],"line":51}},"s":{"0":2,"1":2,"2":2,"3":2,"4":2,"5":0,"6":0,"7":2,"8":0,"9":0,"10":0,"11":0,"12":0,"13":0,"14":0,"15":0,"16":0,"17":2,"18":0,"19":0,"20":0,"21":0,"22":0,"23":0,"24":0,"25":2,"26":0,"27":0,"28":0,"29":0,"30":2,"31":0,"32":0,"33":0,"34":0,"35":2},"f":{"0":0,"1":0,"2":0,"3":0,"4":0},"b":{"0":[0,0],"1":[0,0],"2":[0,0],"3":[0,0],"4":[0,0],"5":[0,0]},"_coverageSchema":"1a1c01bbd47fc00a2c39e90264f33305004495a9","hash":"5e0a4ce45b0d0473195c874143819c1b2efc13bf"}
,"D:\\Node JS Project\\vidly\\routes\\rentals.js": {"path":"D:\\Node JS Project\\vidly\\routes\\rentals.js","statementMap":{"0":{"start":{"line":1,"column":16},"end":{"line":1,"column":34}},"1":{"start":{"line":2,"column":17},"end":{"line":2,"column":36}},"2":{"start":{"line":3,"column":13},"end":{"line":3,"column":28}},"3":{"start":{"line":4,"column":16},"end":{"line":4,"column":42}},"4":{"start":{"line":5,"column":19},"end":{"line":5,"column":48}},"5":{"start":{"line":6,"column":27},"end":{"line":6,"column":54}},"6":{"start":{"line":7,"column":15},"end":{"line":7,"column":31}},"7":{"start":{"line":9,"column":0},"end":{"line":9,"column":20}},"8":{"start":{"line":11,"column":0},"end":{"line":14,"column":3}},"9":{"start":{"line":12,"column":19},"end":{"line":12,"column":55}},"10":{"start":{"line":13,"column":4},"end":{"line":13,"column":21}},"11":{"start":{"line":16,"column":0},"end":{"line":54,"column":3}},"12":{"start":{"line":17,"column":20},"end":{"line":17,"column":38}},"13":{"start":{"line":18,"column":4},"end":{"line":18,"column":69}},"14":{"start":{"line":18,"column":15},"end":{"line":18,"column":69}},"15":{"start":{"line":20,"column":21},"end":{"line":20,"column":65}},"16":{"start":{"line":21,"column":4},"end":{"line":21,"column":68}},"17":{"start":{"line":21,"column":19},"end":{"line":21,"column":68}},"18":{"start":{"line":23,"column":18},"end":{"line":23,"column":56}},"19":{"start":{"line":24,"column":4},"end":{"line":24,"column":62}},"20":{"start":{"line":24,"column":16},"end":{"line":24,"column":62}},"21":{"start":{"line":26,"column":4},"end":{"line":26,"column":85}},"22":{"start":{"line":26,"column":34},"end":{"line":26,"column":85}},"23":{"start":{"line":28,"column":17},"end":{"line":40,"column":6}},"24":{"start":{"line":41,"column":4},"end":{"line":52,"column":5}},"25":{"start":{"line":42,"column":8},"end":{"line":47,"column":19}},"26":{"start":{"line":48,"column":8},"end":{"line":48,"column":25}},"27":{"start":{"line":51,"column":8},"end":{"line":51,"column":53}},"28":{"start":{"line":82,"column":0},"end":{"line":82,"column":24}}},"fnMap":{"0":{"name":"(anonymous_0)","decl":{"start":{"line":11,"column":16},"end":{"line":11,"column":17}},"loc":{"start":{"line":11,"column":36},"end":{"line":14,"column":1}},"line":11},"1":{"name":"(anonymous_1)","decl":{"start":{"line":16,"column":17},"end":{"line":16,"column":18}},"loc":{"start":{"line":16,"column":37},"end":{"line":54,"column":1}},"line":16}},"branchMap":{"0":{"loc":{"start":{"line":18,"column":4},"end":{"line":18,"column":69}},"type":"if","locations":[{"start":{"line":18,"column":4},"end":{"line":18,"column":69}},{"start":{},"end":{}}],"line":18},"1":{"loc":{"start":{"line":21,"column":4},"end":{"line":21,"column":68}},"type":"if","locations":[{"start":{"line":21,"column":4},"end":{"line":21,"column":68}},{"start":{},"end":{}}],"line":21},"2":{"loc":{"start":{"line":24,"column":4},"end":{"line":24,"column":62}},"type":"if","locations":[{"start":{"line":24,"column":4},"end":{"line":24,"column":62}},{"start":{},"end":{}}],"line":24},"3":{"loc":{"start":{"line":26,"column":4},"end":{"line":26,"column":85}},"type":"if","locations":[{"start":{"line":26,"column":4},"end":{"line":26,"column":85}},{"start":{},"end":{}}],"line":26}},"s":{"0":2,"1":2,"2":2,"3":2,"4":2,"5":2,"6":2,"7":2,"8":2,"9":0,"10":0,"11":2,"12":0,"13":0,"14":0,"15":0,"16":0,"17":0,"18":0,"19":0,"20":0,"21":0,"22":0,"23":0,"24":0,"25":0,"26":0,"27":0,"28":2},"f":{"0":0,"1":0},"b":{"0":[0,0],"1":[0,0],"2":[0,0],"3":[0,0]},"_coverageSchema":"1a1c01bbd47fc00a2c39e90264f33305004495a9","hash":"53702002e96d5c34ca7c3e611016f79571e80632"}
,"D:\\Node JS Project\\vidly\\routes\\users.js": {"path":"D:\\Node JS Project\\vidly\\routes\\users.js","statementMap":{"0":{"start":{"line":1,"column":16},"end":{"line":1,"column":34}},"1":{"start":{"line":2,"column":10},"end":{"line":2,"column":27}},"2":{"start":{"line":3,"column":25},"end":{"line":3,"column":50}},"3":{"start":{"line":4,"column":15},"end":{"line":4,"column":32}},"4":{"start":{"line":5,"column":12},"end":{"line":5,"column":35}},"5":{"start":{"line":6,"column":15},"end":{"line":6,"column":32}},"6":{"start":{"line":7,"column":13},"end":{"line":7,"column":42}},"7":{"start":{"line":8,"column":15},"end":{"line":8,"column":31}},"8":{"start":{"line":10,"column":0},"end":{"line":13,"column":3}},"9":{"start":{"line":11,"column":17},"end":{"line":11,"column":70}},"10":{"start":{"line":12,"column":4},"end":{"line":12,"column":19}},"11":{"start":{"line":15,"column":0},"end":{"line":30,"column":3}},"12":{"start":{"line":16,"column":20},"end":{"line":16,"column":38}},"13":{"start":{"line":17,"column":4},"end":{"line":17,"column":69}},"14":{"start":{"line":17,"column":15},"end":{"line":17,"column":69}},"15":{"start":{"line":19,"column":15},"end":{"line":19,"column":58}},"16":{"start":{"line":20,"column":4},"end":{"line":20,"column":70}},"17":{"start":{"line":20,"column":14},"end":{"line":20,"column":70}},"18":{"start":{"line":22,"column":4},"end":{"line":22,"column":69}},"19":{"start":{"line":23,"column":17},"end":{"line":23,"column":41}},"20":{"start":{"line":24,"column":4},"end":{"line":24,"column":59}},"21":{"start":{"line":26,"column":4},"end":{"line":26,"column":22}},"22":{"start":{"line":28,"column":18},"end":{"line":28,"column":42}},"23":{"start":{"line":29,"column":4},"end":{"line":29,"column":83}},"24":{"start":{"line":32,"column":0},"end":{"line":32,"column":24}}},"fnMap":{"0":{"name":"(anonymous_0)","decl":{"start":{"line":10,"column":24},"end":{"line":10,"column":25}},"loc":{"start":{"line":10,"column":44},"end":{"line":13,"column":1}},"line":10},"1":{"name":"(anonymous_1)","decl":{"start":{"line":15,"column":17},"end":{"line":15,"column":18}},"loc":{"start":{"line":15,"column":37},"end":{"line":30,"column":1}},"line":15}},"branchMap":{"0":{"loc":{"start":{"line":17,"column":4},"end":{"line":17,"column":69}},"type":"if","locations":[{"start":{"line":17,"column":4},"end":{"line":17,"column":69}},{"start":{},"end":{}}],"line":17},"1":{"loc":{"start":{"line":20,"column":4},"end":{"line":20,"column":70}},"type":"if","locations":[{"start":{"line":20,"column":4},"end":{"line":20,"column":70}},{"start":{},"end":{}}],"line":20}},"s":{"0":2,"1":2,"2":2,"3":2,"4":2,"5":2,"6":2,"7":2,"8":2,"9":0,"10":0,"11":2,"12":0,"13":0,"14":0,"15":0,"16":0,"17":0,"18":0,"19":0,"20":0,"21":0,"22":0,"23":0,"24":2},"f":{"0":0,"1":0},"b":{"0":[0,0],"1":[0,0]},"_coverageSchema":"1a1c01bbd47fc00a2c39e90264f33305004495a9","hash":"3bbad05d9cd0b12213addad3e8443172d282e9d9"}
,"D:\\Node JS Project\\vidly\\startup\\config.js": {"path":"D:\\Node JS Project\\vidly\\startup\\config.js","statementMap":{"0":{"start":{"line":1,"column":15},"end":{"line":1,"column":32}},"1":{"start":{"line":3,"column":0},"end":{"line":7,"column":1}},"2":{"start":{"line":4,"column":4},"end":{"line":6,"column":5}},"3":{"start":{"line":5,"column":8},"end":{"line":5,"column":69}}},"fnMap":{"0":{"name":"(anonymous_0)","decl":{"start":{"line":3,"column":17},"end":{"line":3,"column":18}},"loc":{"start":{"line":3,"column":28},"end":{"line":7,"column":1}},"line":3}},"branchMap":{"0":{"loc":{"start":{"line":4,"column":4},"end":{"line":6,"column":5}},"type":"if","locations":[{"start":{"line":4,"column":4},"end":{"line":6,"column":5}},{"start":{},"end":{}}],"line":4}},"s":{"0":2,"1":2,"2":2,"3":0},"f":{"0":2},"b":{"0":[0,2]},"_coverageSchema":"1a1c01bbd47fc00a2c39e90264f33305004495a9","hash":"bee85fbd70254c5533ff03ad585f9457136e373d"}
,"D:\\Node JS Project\\vidly\\startup\\db.js": {"path":"D:\\Node JS Project\\vidly\\startup\\db.js","statementMap":{"0":{"start":{"line":1,"column":17},"end":{"line":1,"column":36}},"1":{"start":{"line":2,"column":16},"end":{"line":2,"column":34}},"2":{"start":{"line":3,"column":15},"end":{"line":3,"column":32}},"3":{"start":{"line":5,"column":0},"end":{"line":8,"column":1}},"4":{"start":{"line":6,"column":4},"end":{"line":7,"column":71}},"5":{"start":{"line":7,"column":20},"end":{"line":7,"column":69}}},"fnMap":{"0":{"name":"(anonymous_0)","decl":{"start":{"line":5,"column":17},"end":{"line":5,"column":18}},"loc":{"start":{"line":5,"column":28},"end":{"line":8,"column":1}},"line":5},"1":{"name":"(anonymous_1)","decl":{"start":{"line":7,"column":14},"end":{"line":7,"column":15}},"loc":{"start":{"line":7,"column":20},"end":{"line":7,"column":69}},"line":7}},"branchMap":{},"s":{"0":2,"1":2,"2":2,"3":2,"4":2,"5":2},"f":{"0":2,"1":2},"b":{},"_coverageSchema":"1a1c01bbd47fc00a2c39e90264f33305004495a9","hash":"f46af80020c9759b5ecacb55563c68968d537a5e"}
,"D:\\Node JS Project\\vidly\\startup\\logging.js": {"path":"D:\\Node JS Project\\vidly\\startup\\logging.js","statementMap":{"0":{"start":{"line":1,"column":0},"end":{"line":1,"column":32}},"1":{"start":{"line":3,"column":16},"end":{"line":3,"column":34}},"2":{"start":{"line":5,"column":0},"end":{"line":20,"column":1}},"3":{"start":{"line":6,"column":4},"end":{"line":9,"column":6}},"4":{"start":{"line":11,"column":4},"end":{"line":13,"column":7}},"5":{"start":{"line":12,"column":8},"end":{"line":12,"column":17}},"6":{"start":{"line":15,"column":4},"end":{"line":15,"column":72}}},"fnMap":{"0":{"name":"(anonymous_0)","decl":{"start":{"line":5,"column":17},"end":{"line":5,"column":18}},"loc":{"start":{"line":5,"column":28},"end":{"line":20,"column":1}},"line":5},"1":{"name":"(anonymous_1)","decl":{"start":{"line":11,"column":37},"end":{"line":11,"column":38}},"loc":{"start":{"line":11,"column":45},"end":{"line":13,"column":5}},"line":11}},"branchMap":{},"s":{"0":2,"1":2,"2":2,"3":2,"4":2,"5":0,"6":2},"f":{"0":2,"1":0},"b":{},"_coverageSchema":"1a1c01bbd47fc00a2c39e90264f33305004495a9","hash":"068fc28b70a77663138d4cf3ab17df50ebdeace4"}
,"D:\\Node JS Project\\vidly\\startup\\routes.js": {"path":"D:\\Node JS Project\\vidly\\startup\\routes.js","statementMap":{"0":{"start":{"line":1,"column":16},"end":{"line":1,"column":34}},"1":{"start":{"line":2,"column":15},"end":{"line":2,"column":42}},"2":{"start":{"line":3,"column":18},"end":{"line":3,"column":48}},"3":{"start":{"line":4,"column":15},"end":{"line":4,"column":42}},"4":{"start":{"line":5,"column":16},"end":{"line":5,"column":44}},"5":{"start":{"line":6,"column":14},"end":{"line":6,"column":40}},"6":{"start":{"line":7,"column":13},"end":{"line":7,"column":38}},"7":{"start":{"line":8,"column":14},"end":{"line":8,"column":44}},"8":{"start":{"line":10,"column":0},"end":{"line":19,"column":1}},"9":{"start":{"line":11,"column":4},"end":{"line":11,"column":28}},"10":{"start":{"line":12,"column":4},"end":{"line":12,"column":35}},"11":{"start":{"line":13,"column":4},"end":{"line":13,"column":41}},"12":{"start":{"line":14,"column":4},"end":{"line":14,"column":35}},"13":{"start":{"line":15,"column":4},"end":{"line":15,"column":37}},"14":{"start":{"line":16,"column":4},"end":{"line":16,"column":33}},"15":{"start":{"line":17,"column":4},"end":{"line":17,"column":31}},"16":{"start":{"line":18,"column":4},"end":{"line":18,"column":19}}},"fnMap":{"0":{"name":"(anonymous_0)","decl":{"start":{"line":10,"column":17},"end":{"line":10,"column":18}},"loc":{"start":{"line":10,"column":31},"end":{"line":19,"column":1}},"line":10}},"branchMap":{},"s":{"0":2,"1":2,"2":2,"3":2,"4":2,"5":2,"6":2,"7":2,"8":2,"9":2,"10":2,"11":2,"12":2,"13":2,"14":2,"15":2,"16":2},"f":{"0":2},"b":{},"_coverageSchema":"1a1c01bbd47fc00a2c39e90264f33305004495a9","hash":"1560c51e6c61bcce0c9a91f5f4252a563f4cd7aa"}
,"D:\\Node JS Project\\vidly\\startup\\validation.js": {"path":"D:\\Node JS Project\\vidly\\startup\\validation.js","statementMap":{"0":{"start":{"line":1,"column":12},"end":{"line":1,"column":26}},"1":{"start":{"line":2,"column":0},"end":{"line":4,"column":1}},"2":{"start":{"line":3,"column":4},"end":{"line":3,"column":48}}},"fnMap":{"0":{"name":"(anonymous_0)","decl":{"start":{"line":2,"column":17},"end":{"line":2,"column":18}},"loc":{"start":{"line":2,"column":28},"end":{"line":4,"column":1}},"line":2}},"branchMap":{},"s":{"0":2,"1":2,"2":2},"f":{"0":2},"b":{},"_coverageSchema":"1a1c01bbd47fc00a2c39e90264f33305004495a9","hash":"a04061a794ca037ffb1ec98df53e16d037ce6fb1"}
}
